\BOOKMARK [1][-]{section.1}{\376\377\004\036\004\077\004\100\004\065\004\064\004\065\004\073\004\065\004\075\004\070\004\065\000\040\004\070\004\075\004\062\004\065\004\101\004\102\004\070\004\106\004\070\004\076\004\075\004\075\004\076\004\063\004\076\000\040\004\077\004\100\004\076\004\104\004\070\004\073\004\117\000\040\004\072\004\073\004\070\004\065\004\075\004\102\004\060\000\040\004\075\004\060\000\040\004\076\004\101\004\075\004\076\004\062\004\065\000\040\004\060\004\073\004\063\004\076\004\100\004\070\004\102\004\074\004\076\004\062\000\040\004\075\004\065\004\107\004\065\004\102\004\072\004\076\004\071\000\040\004\073\004\076\004\063\004\070\004\072\004\070}{}% 1
\BOOKMARK [2][-]{subsection.1.1}{\376\377\004\037\004\076\004\075\004\117\004\102\004\070\004\065\000\040\004\070\004\075\004\062\004\065\004\101\004\102\004\070\004\106\004\070\004\076\004\075\004\075\004\076\004\063\004\076\000\040\004\077\004\100\004\076\004\104\004\070\004\073\004\117}{section.1}% 2
\BOOKMARK [1][-]{section.2}{\376\377\004\037\004\076\004\101\004\102\004\060\004\075\004\076\004\062\004\072\004\060\000\040\004\067\004\060\004\064\004\060\004\107\004\070}{}% 3
\BOOKMARK [2][-]{subsection.2.1}{\376\377\004\022\004\105\004\076\004\064\004\075\004\113\004\065\000\040\004\064\004\060\004\075\004\075\004\113\004\065}{section.2}% 4
\BOOKMARK [3][-]{subsubsection.2.1.1}{\376\377\0001\000.\000\040\000T\000i\000m\000e\000\040\000h\000o\000r\000i\000z\000o\000n\000\040\000\050\004\063\004\076\004\100\004\070\004\067\004\076\004\075\004\102\000\040\004\070\004\075\004\062\004\065\004\101\004\102\004\070\004\100\004\076\004\062\004\060\004\075\004\070\004\117\000\051}{subsection.2.1}% 5
\BOOKMARK [3][-]{subsubsection.2.1.2}{\376\377\0002\000.\000\040\004\042\004\076\004\073\004\065\004\100\004\060\004\075\004\102\004\075\004\076\004\101\004\102\004\114\000\040\004\072\000\040\004\100\004\070\004\101\004\072\004\103}{subsection.2.1}% 6
\BOOKMARK [2][-]{subsection.2.2}{\376\377\004\022\004\113\004\105\004\076\004\064\004\075\004\113\004\065\000\040\004\064\004\060\004\075\004\075\004\113\004\065}{section.2}% 7
\BOOKMARK [3][-]{subsubsection.2.2.1}{\376\377\004\043\004\100\004\076\004\062\004\065\004\075\004\114\000\040\004\070\004\075\004\062\004\065\004\101\004\102\004\070\004\106\004\070\004\076\004\075\004\075\004\076\004\063\004\076\000\040\004\100\004\070\004\101\004\072\004\060}{subsection.2.2}% 8
\BOOKMARK [3][-]{subsubsection.2.2.2}{\376\377\004\030\004\075\004\062\004\065\004\101\004\102\004\070\004\106\004\070\004\076\004\075\004\075\004\113\004\071\000\040\004\077\004\100\004\076\004\104\004\070\004\073\004\114\000\040\004\072\004\073\004\070\004\065\004\075\004\102\004\060\000\040\000-\000\040\000R\000i\000s\000k\000\040\000P\000r\000o\000f\000i\000l\000e}{subsection.2.2}% 9
\BOOKMARK [2][-]{subsection.2.3}{\376\377\004\037\004\100\004\060\004\062\004\070\004\073\004\060}{section.2}% 10
\BOOKMARK [1][-]{section.3}{\376\377\004\042\004\065\004\101\004\102\004\076\004\062\004\113\004\071\000\040\004\077\004\100\004\070\004\074\004\065\004\100\000\040\0001}{}% 11
\BOOKMARK [2][-]{subsection.3.1}{\376\377\0001\000.\0001\000\040\004\041\004\100\004\076\004\072\000\040\004\070\004\075\004\062\004\065\004\101\004\102\004\070\004\100\004\076\004\062\004\060\004\075\004\070\004\117}{section.3}% 12
\BOOKMARK [2][-]{subsection.3.2}{\376\377\0001\000.\0002\000\040\004\041\004\100\004\076\004\072\000\040\004\075\004\060\004\107\004\060\004\073\004\060\000\040\004\070\004\101\004\077\004\076\004\073\004\114\004\067\004\076\004\062\004\060\004\075\004\070\004\117\000\040\004\070\004\075\004\062\004\065\004\101\004\102\004\070\004\106\004\070\004\076\004\075\004\075\004\113\004\105\000\040\004\075\004\060\004\072\004\076\004\077\004\073\004\065\004\075\004\070\004\071}{section.3}% 13
\BOOKMARK [2][-]{subsection.3.3}{\376\377\0002\000.\0001\000\040\004\043\004\100\004\076\004\062\004\065\004\075\004\114\000\040\004\067\004\075\004\060\004\075\004\070\004\071\000\040\004\075\004\060\000\040\004\104\004\070\004\075\004\060\004\075\004\101\004\076\004\062\004\076\004\074\000\040\004\100\004\113\004\075\004\072\004\065}{section.3}% 14
\BOOKMARK [2][-]{subsection.3.4}{\376\377\0002\000.\0002\000\040\004\046\004\065\004\073\004\114\000\040\004\070\004\075\004\062\004\065\004\101\004\102\004\070\004\106\004\070\004\071}{section.3}% 15
\BOOKMARK [2][-]{subsection.3.5}{\376\377\0002\000.\0003\000\040\004\036\004\066\004\070\004\064\004\060\004\065\004\074\004\060\004\117\000\040\004\064\004\076\004\105\004\076\004\064\004\075\004\076\004\101\004\102\004\114\000\040\004\076\004\102\000\040\004\070\004\075\004\062\004\065\004\101\004\102\004\070\004\106\004\070\004\071}{section.3}% 16
\BOOKMARK [2][-]{subsection.3.6}{\376\377\0002\000.\0004\000\040\004\036\004\102\004\075\004\076\004\110\004\065\004\075\004\070\004\065\000\040\004\072\000\040\004\100\004\070\004\101\004\072\004\060\004\074\000\040\004\070\004\075\004\062\004\065\004\101\004\102\004\070\004\100\004\076\004\062\004\060\004\075\004\070\004\117}{section.3}% 17
\BOOKMARK [2][-]{subsection.3.7}{\376\377\004\040\004\065\004\067\004\103\004\073\004\114\004\102\004\060\004\102\000\040\004\100\004\060\004\101\004\107\004\065\004\102\004\076\004\062\000:}{section.3}% 18
\BOOKMARK [1][-]{section.4}{\376\377\004\042\004\065\004\101\004\102\004\076\004\062\004\113\004\071\000\040\004\077\004\100\004\070\004\074\004\065\004\100\000\040\0002}{}% 19
\BOOKMARK [2][-]{subsection.4.1}{\376\377\0001\000.\0001\000\040\004\041\004\100\004\076\004\072\000\040\004\070\004\075\004\062\004\065\004\101\004\102\004\070\004\100\004\076\004\062\004\060\004\075\004\070\004\117}{section.4}% 20
\BOOKMARK [2][-]{subsection.4.2}{\376\377\0001\000.\0002\000\040\004\041\004\100\004\076\004\072\000\040\004\075\004\060\004\107\004\060\004\073\004\060\000\040\004\070\004\101\004\077\004\076\004\073\004\114\004\067\004\076\004\062\004\060\004\075\004\070\004\117\000\040\004\070\004\075\004\062\004\065\004\101\004\102\004\070\004\106\004\070\004\076\004\075\004\075\004\113\004\105\000\040\004\075\004\060\004\072\004\076\004\077\004\073\004\065\004\075\004\070\004\071}{section.4}% 21
\BOOKMARK [2][-]{subsection.4.3}{\376\377\0002\000.\0001\000\040\004\043\004\100\004\076\004\062\004\065\004\075\004\114\000\040\004\067\004\075\004\060\004\075\004\070\004\071\000\040\004\075\004\060\000\040\004\104\004\070\004\075\004\060\004\075\004\101\004\076\004\062\004\076\004\074\000\040\004\100\004\113\004\075\004\072\004\065}{section.4}% 22
\BOOKMARK [2][-]{subsection.4.4}{\376\377\0002\000.\0002\000\040\004\046\004\065\004\073\004\114\000\040\004\070\004\075\004\062\004\065\004\101\004\102\004\070\004\106\004\070\004\071}{section.4}% 23
\BOOKMARK [2][-]{subsection.4.5}{\376\377\0002\000.\0003\000\040\004\036\004\066\004\070\004\064\004\060\004\065\004\074\004\060\004\117\000\040\004\064\004\076\004\105\004\076\004\064\004\075\004\076\004\101\004\102\004\114\000\040\004\076\004\102\000\040\004\070\004\075\004\062\004\065\004\101\004\102\004\070\004\106\004\070\004\071}{section.4}% 24
\BOOKMARK [2][-]{subsection.4.6}{\376\377\0002\000.\0004\000\040\004\036\004\102\004\075\004\076\004\110\004\065\004\075\004\070\004\065\000\040\004\072\000\040\004\100\004\070\004\101\004\072\004\060\004\074\000\040\004\070\004\075\004\062\004\065\004\101\004\102\004\070\004\100\004\076\004\062\004\060\004\075\004\070\004\117}{section.4}% 25
\BOOKMARK [2][-]{subsection.4.7}{\376\377\004\040\004\065\004\067\004\103\004\073\004\114\004\102\004\060\004\102\000\040\004\100\004\060\004\101\004\107\004\065\004\102\004\076\004\062\000:}{section.4}% 26
\BOOKMARK [1][-]{section.5}{\376\377\004\041\004\077\004\070\004\101\004\076\004\072\000\040\004\101\004\101\004\113\004\073\004\076\004\072\000\040\004\075\004\060\000\040\004\070\004\101\004\102\004\076\004\107\004\075\004\070\004\072\004\070}{}% 27
